
Selected information about each returned Javascript repository:

Name: react
Owner: facebook
Stars: 220807
Repository: https://github.com/facebook/react
Description: The library for web and native user interfaces.

Name: javascript-algorithms
Owner: trekhleb
Stars: 181267
Repository: https://github.com/trekhleb/javascript-algorithms
Can't print Unicode string as text.

Name: bootstrap
Owner: twbs
Stars: 167220
Repository: https://github.com/twbs/bootstrap
Description: The most popular HTML, CSS, and JavaScript framework for developing responsive, mobile first projects on the web.

Name: AutoGPT
Owner: Significant-Gravitas
Stars: 160249
Repository: https://github.com/Significant-Gravitas/AutoGPT
Description: AutoGPT is the vision of accessible AI for everyone, to use and to build on. Our mission is to provide the tools, so that you can focus on what matters.

Name: javascript
Owner: airbnb
Stars: 140998
Repository: https://github.com/airbnb/javascript
Description: JavaScript Style Guide

Name: next.js
Owner: vercel
Stars: 119745
Repository: https://github.com/vercel/next.js
Description: The React Framework

Name: 30-seconds-of-code
Owner: Chalarangelo
Stars: 118728
Repository: https://github.com/Chalarangelo/30-seconds-of-code
Description: Short code snippets for all your development needs

Name: axios
Owner: axios
Stars: 103791
Repository: https://github.com/axios/axios
Description: Promise based HTTP client for the browser and node.js

Name: node
Owner: nodejs
Stars: 103122
Repository: https://github.com/nodejs/node
Can't print Unicode string as text.

Name: create-react-app
Owner: facebook
Stars: 101766
Repository: https://github.com/facebook/create-react-app
Description: Set up a modern web app by running one command.

Name: three.js
Owner: mrdoob
Stars: 98390
Repository: https://github.com/mrdoob/three.js
Description: JavaScript 3D Library.

Name: clean-code-javascript
Owner: ryanmcdermott
Stars: 88964
Repository: https://github.com/ryanmcdermott/clean-code-javascript
Description: :bathtub: Clean Code concepts adapted for JavaScript

Name: Web-Dev-For-Beginners
Owner: microsoft
Stars: 81112
Repository: https://github.com/microsoft/Web-Dev-For-Beginners
Description: 24 Lessons, 12 Weeks, Get Started as a Web Developer

Name: iptv
Owner: iptv-org
Stars: 77323
Repository: https://github.com/iptv-org/iptv
Description: Collection of publicly available IPTV channels from all over the world

Name: svelte
Owner: sveltejs
Stars: 76040
Repository: https://github.com/sveltejs/svelte
Description: Cybernetically enhanced web apps

Name: Font-Awesome
Owner: FortAwesome
Stars: 72938
Repository: https://github.com/FortAwesome/Font-Awesome
Description: The iconic SVG, font, and CSS toolkit

Name: json-server
Owner: typicode
Stars: 70957
Repository: https://github.com/typicode/json-server
Description: Get a full fake REST API with zero coding in less than 30 seconds (seriously)

Name: awesome-mac
Owner: jaywcjlove
Stars: 70643
Repository: https://github.com/jaywcjlove/awesome-mac
Can't print Unicode string as text.

Name: reveal.js
Owner: hakimel
Stars: 66752
Repository: https://github.com/hakimel/reveal.js
Description: The HTML Presentation Framework

Name: mermaid
Owner: mermaid-js
Stars: 66342
Repository: https://github.com/mermaid-js/mermaid
Description: Generation of diagrams like flowcharts or sequence diagrams from text in a similar manner as markdown

Name: github-readme-stats
Owner: anuraghazra
Stars: 64163
Repository: https://github.com/anuraghazra/github-readme-stats
Description: :zap: Dynamically generated stats for your github readmes

Name: webpack
Owner: webpack
Stars: 64091
Repository: https://github.com/webpack/webpack
Description: A bundler for javascript and friends. Packs many modules into a few bundled assets. Code Splitting allows for loading parts of the application on demand. Through "loaders", modules can be CommonJs, AMD, ES6 modules, CSS, Images, JSON, Coffeescript, LESS, ... and your custom stuff.

Name: express
Owner: expressjs
Stars: 63575
Repository: https://github.com/expressjs/express
Description: Fast, unopinionated, minimalist web framework for node.

Name: Chart.js
Owner: chartjs
Stars: 63256
Repository: https://github.com/chartjs/Chart.js
Description: Simple HTML5 Charts using the <canvas> tag

Name: 33-js-concepts
Owner: leonardomso
Stars: 61652
Repository: https://github.com/leonardomso/33-js-concepts
Can't print Unicode string as text.

Name: resume.github.com
Owner: resume
Stars: 61288
Repository: https://github.com/resume/resume.github.com
Description: Resumes generated using the GitHub informations

Name: atom
Owner: atom
Stars: 59947
Repository: https://github.com/atom/atom
Description: :atom: The hackable text editor

Name: markdown-here
Owner: adam-p
Stars: 59450
Repository: https://github.com/adam-p/markdown-here
Description: Google Chrome, Firefox, and Thunderbird extension that lets you write email in Markdown and render it before sending.

Name: angular.js
Owner: angular
Stars: 58941
Repository: https://github.com/angular/angular.js
Description: AngularJS - HTML enhanced for web apps!

Name: jquery
Owner: jquery
Stars: 58817
Repository: https://github.com/jquery/jquery
Description: jQuery JavaScript Library
